-------------------------------------------------------------------------------
Test set: com.insightfullogic.java8.exercises.chapter9.ArtistAnalyzerTest
-------------------------------------------------------------------------------
Tests run: 4, Failures: 0, Errors: 4, Skipped: 0, Time elapsed: 0 sec <<< FAILURE! - in com.insightfullogic.java8.exercises.chapter9.ArtistAnalyzerTest
smallerGroupsArentLarger[0](com.insightfullogic.java8.exercises.chapter9.ArtistAnalyzerTest)  Time elapsed: 0 sec  <<< ERROR!
com.insightfullogic.java8.exercises.ExerciseNotCompletedException: Please remove this line of code and implement the exercise
	at com.insightfullogic.java8.exercises.Exercises.replaceThisWithSolution(Exercises.java:6)
	at com.insightfullogic.java8.exercises.chapter9.CallbackArtistAnalyser.isLargerGroup(CallbackArtistAnalyser.java:18)
	at com.insightfullogic.java8.exercises.chapter9.ArtistAnalyzerTest.assertLargerGroup(ArtistAnalyzerTest.java:44)
	at com.insightfullogic.java8.exercises.chapter9.ArtistAnalyzerTest.smallerGroupsArentLarger(ArtistAnalyzerTest.java:39)

largerGroupsAreLarger[0](com.insightfullogic.java8.exercises.chapter9.ArtistAnalyzerTest)  Time elapsed: 0 sec  <<< ERROR!
com.insightfullogic.java8.exercises.ExerciseNotCompletedException: Please remove this line of code and implement the exercise
	at com.insightfullogic.java8.exercises.Exercises.replaceThisWithSolution(Exercises.java:6)
	at com.insightfullogic.java8.exercises.chapter9.CallbackArtistAnalyser.isLargerGroup(CallbackArtistAnalyser.java:18)
	at com.insightfullogic.java8.exercises.chapter9.ArtistAnalyzerTest.assertLargerGroup(ArtistAnalyzerTest.java:44)
	at com.insightfullogic.java8.exercises.chapter9.ArtistAnalyzerTest.largerGroupsAreLarger(ArtistAnalyzerTest.java:34)

smallerGroupsArentLarger[1](com.insightfullogic.java8.exercises.chapter9.ArtistAnalyzerTest)  Time elapsed: 0 sec  <<< ERROR!
com.insightfullogic.java8.exercises.ExerciseNotCompletedException: Please remove this line of code and implement the exercise
	at com.insightfullogic.java8.exercises.Exercises.replaceThisWithSolution(Exercises.java:6)
	at com.insightfullogic.java8.exercises.chapter9.CompletableFutureArtistAnalyser.isLargerGroup(CompletableFutureArtistAnalyser.java:19)
	at com.insightfullogic.java8.exercises.chapter9.ArtistAnalyzerTest.assertLargerGroup(ArtistAnalyzerTest.java:44)
	at com.insightfullogic.java8.exercises.chapter9.ArtistAnalyzerTest.smallerGroupsArentLarger(ArtistAnalyzerTest.java:39)

largerGroupsAreLarger[1](com.insightfullogic.java8.exercises.chapter9.ArtistAnalyzerTest)  Time elapsed: 0 sec  <<< ERROR!
com.insightfullogic.java8.exercises.ExerciseNotCompletedException: Please remove this line of code and implement the exercise
	at com.insightfullogic.java8.exercises.Exercises.replaceThisWithSolution(Exercises.java:6)
	at com.insightfullogic.java8.exercises.chapter9.CompletableFutureArtistAnalyser.isLargerGroup(CompletableFutureArtistAnalyser.java:19)
	at com.insightfullogic.java8.exercises.chapter9.ArtistAnalyzerTest.assertLargerGroup(ArtistAnalyzerTest.java:44)
	at com.insightfullogic.java8.exercises.chapter9.ArtistAnalyzerTest.largerGroupsAreLarger(ArtistAnalyzerTest.java:34)

