-------------------------------------------------------------------------------
Test set: com.insightfullogic.java8.exercises.chapter3.Question1Test
-------------------------------------------------------------------------------
Tests run: 4, Failures: 0, Errors: 4, Skipped: 0, Time elapsed: 0 sec <<< FAILURE! - in com.insightfullogic.java8.exercises.chapter3.Question1Test
extractsNamesAndOriginsOfArtists(com.insightfullogic.java8.exercises.chapter3.Question1Test)  Time elapsed: 0 sec  <<< ERROR!
com.insightfullogic.java8.exercises.ExerciseNotCompletedException: Please remove this line of code and implement the exercise
	at com.insightfullogic.java8.exercises.Exercises.replaceThisWithSolution(Exercises.java:6)
	at com.insightfullogic.java8.exercises.chapter3.Question1.getNamesAndOrigins(Question1.java:18)
	at com.insightfullogic.java8.exercises.chapter3.Question1Test.extractsNamesAndOriginsOfArtists(Question1Test.java:33)

findsShortAlbums(com.insightfullogic.java8.exercises.chapter3.Question1Test)  Time elapsed: 0 sec  <<< ERROR!
com.insightfullogic.java8.exercises.ExerciseNotCompletedException: Please remove this line of code and implement the exercise
	at com.insightfullogic.java8.exercises.Exercises.replaceThisWithSolution(Exercises.java:6)
	at com.insightfullogic.java8.exercises.chapter3.Question1.getAlbumsWithAtMostThreeTracks(Question1.java:22)
	at com.insightfullogic.java8.exercises.chapter3.Question1Test.findsShortAlbums(Question1Test.java:40)

addsListWithValues(com.insightfullogic.java8.exercises.chapter3.Question1Test)  Time elapsed: 0 sec  <<< ERROR!
com.insightfullogic.java8.exercises.ExerciseNotCompletedException: Please remove this line of code and implement the exercise
	at com.insightfullogic.java8.exercises.Exercises.replaceThisWithSolution(Exercises.java:6)
	at com.insightfullogic.java8.exercises.chapter3.Question1.addUp(Question1.java:14)
	at com.insightfullogic.java8.exercises.chapter3.Question1Test.addsListWithValues(Question1Test.java:27)

addsEmptyList(com.insightfullogic.java8.exercises.chapter3.Question1Test)  Time elapsed: 0 sec  <<< ERROR!
com.insightfullogic.java8.exercises.ExerciseNotCompletedException: Please remove this line of code and implement the exercise
	at com.insightfullogic.java8.exercises.Exercises.replaceThisWithSolution(Exercises.java:6)
	at com.insightfullogic.java8.exercises.chapter3.Question1.addUp(Question1.java:14)
	at com.insightfullogic.java8.exercises.chapter3.Question1Test.addsEmptyList(Question1Test.java:21)

