-------------------------------------------------------------------------------
Test set: com.insightfullogic.java8.exercises.chapter3.StringExercisesTest
-------------------------------------------------------------------------------
Tests run: 5, Failures: 0, Errors: 5, Skipped: 0, Time elapsed: 0 sec <<< FAILURE! - in com.insightfullogic.java8.exercises.chapter3.StringExercisesTest
noStringReturnedForEmptyList(com.insightfullogic.java8.exercises.chapter3.StringExercisesTest)  Time elapsed: 0 sec  <<< ERROR!
com.insightfullogic.java8.exercises.ExerciseNotCompletedException: Please remove this line of code and implement the exercise
	at com.insightfullogic.java8.exercises.Exercises.replaceThisWithSolution(Exercises.java:6)
	at com.insightfullogic.java8.exercises.chapter3.StringExercises.mostLowercaseString(StringExercises.java:18)
	at com.insightfullogic.java8.exercises.chapter3.StringExercisesTest.noStringReturnedForEmptyList(StringExercisesTest.java:31)

noLowercaseLettersInAnEmptyString(com.insightfullogic.java8.exercises.chapter3.StringExercisesTest)  Time elapsed: 0 sec  <<< ERROR!
com.insightfullogic.java8.exercises.ExerciseNotCompletedException: Please remove this line of code and implement the exercise
	at com.insightfullogic.java8.exercises.Exercises.replaceThisWithSolution(Exercises.java:6)
	at com.insightfullogic.java8.exercises.chapter3.StringExercises.countLowercaseLetters(StringExercises.java:13)
	at com.insightfullogic.java8.exercises.chapter3.StringExercisesTest.noLowercaseLettersInAnEmptyString(StringExercisesTest.java:16)

findsMostLowercaseString(com.insightfullogic.java8.exercises.chapter3.StringExercisesTest)  Time elapsed: 0 sec  <<< ERROR!
com.insightfullogic.java8.exercises.ExerciseNotCompletedException: Please remove this line of code and implement the exercise
	at com.insightfullogic.java8.exercises.Exercises.replaceThisWithSolution(Exercises.java:6)
	at com.insightfullogic.java8.exercises.chapter3.StringExercises.mostLowercaseString(StringExercises.java:18)
	at com.insightfullogic.java8.exercises.chapter3.StringExercisesTest.findsMostLowercaseString(StringExercisesTest.java:36)

countsLowercaseLetterExample(com.insightfullogic.java8.exercises.chapter3.StringExercisesTest)  Time elapsed: 0 sec  <<< ERROR!
com.insightfullogic.java8.exercises.ExerciseNotCompletedException: Please remove this line of code and implement the exercise
	at com.insightfullogic.java8.exercises.Exercises.replaceThisWithSolution(Exercises.java:6)
	at com.insightfullogic.java8.exercises.chapter3.StringExercises.countLowercaseLetters(StringExercises.java:13)
	at com.insightfullogic.java8.exercises.chapter3.StringExercisesTest.countsLowercaseLetterExample(StringExercisesTest.java:21)

suppoertsNoLowercaseLetters(com.insightfullogic.java8.exercises.chapter3.StringExercisesTest)  Time elapsed: 0 sec  <<< ERROR!
com.insightfullogic.java8.exercises.ExerciseNotCompletedException: Please remove this line of code and implement the exercise
	at com.insightfullogic.java8.exercises.Exercises.replaceThisWithSolution(Exercises.java:6)
	at com.insightfullogic.java8.exercises.chapter3.StringExercises.countLowercaseLetters(StringExercises.java:13)
	at com.insightfullogic.java8.exercises.chapter3.StringExercisesTest.suppoertsNoLowercaseLetters(StringExercisesTest.java:26)

